# JRE version: OpenJDK Runtime Environment (17.0.10) (build 17.0.10+0--11609105)
# Java VM: OpenJDK 64-Bit Server VM (17.0.10+0--11609105, mixed mode, tiered, compressed oops, compressed class ptrs, g1 gc, windows-amd64)
GC Precious Log:
 CPUs: 12 total, 12 available
 Memory: 16251M
 Large Page Support: Disabled
 NUMA Support: Disabled
 Compressed Oops: Enabled (32-bit)
 Heap Region Size: 1M
 Heap Min Capacity: 8M
 Heap Initial Capacity: 254M
 Heap Max Capacity: 2G
 Pre-touch: Disabled
 Parallel Workers: 10
 Concurrent Workers: 3
 Concurrent Refinement Workers: 10
 Periodic GC: Disabled
Heap:
 garbage-first heap   total 243712K, used 133269K [0x0000000080000000, 0x0000000100000000)
  region size 1024K, 50 young (51200K), 12 survivors (12288K)
 Metaspace       used 105034K, committed 105792K, reserved 1179648K
  class space    used 14730K, committed 15104K, reserved 1048576K
GC Heap History (20 events):
Event: 9.320 GC heap before
{Heap before GC invocations=26 (full 0):
 garbage-first heap   total 121856K, used 96015K [0x0000000080000000, 0x0000000100000000)
  region size 1024K, 35 young (35840K), 3 survivors (3072K)
 Metaspace       used 64673K, committed 65280K, reserved 1114112K
  class space    used 8882K, committed 9152K, reserved 1048576K
}
Event: 9.322 GC heap after
{Heap after GC invocations=27 (full 0):
 garbage-first heap   total 121856K, used 65926K [0x0000000080000000, 0x0000000100000000)
  region size 1024K, 5 young (5120K), 5 survivors (5120K)
 Metaspace       used 64673K, committed 65280K, reserved 1114112K
  class space    used 8882K, committed 9152K, reserved 1048576K
}
Event: 9.327 GC heap before
{Heap before GC invocations=27 (full 0):
 garbage-first heap   total 121856K, used 66950K [0x0000000080000000, 0x0000000100000000)
  region size 1024K, 6 young (6144K), 5 survivors (5120K)
 Metaspace       used 64738K, committed 65344K, reserved 1114112K
  class space    used 8885K, committed 9152K, reserved 1048576K
}
Event: 9.329 GC heap after
{Heap after GC invocations=28 (full 0):
 garbage-first heap   total 121856K, used 65743K [0x0000000080000000, 0x0000000100000000)
  region size 1024K, 1 young (1024K), 1 survivors (1024K)
 Metaspace       used 64738K, committed 65344K, reserved 1114112K
  class space    used 8885K, committed 9152K, reserved 1048576K
}
Event: 9.732 GC heap before
{Heap before GC invocations=28 (full 0):
 garbage-first heap   total 121856K, used 95439K [0x0000000080000000, 0x0000000100000000)
  region size 1024K, 30 young (30720K), 1 survivors (1024K)
 Metaspace       used 67425K, committed 68032K, reserved 1114112K
  class space    used 9200K, committed 9472K, reserved 1048576K
}
Event: 9.733 GC heap after
{Heap after GC invocations=29 (full 0):
 garbage-first heap   total 121856K, used 66150K [0x0000000080000000, 0x0000000100000000)
  region size 1024K, 1 young (1024K), 1 survivors (1024K)
 Metaspace       used 67425K, committed 68032K, reserved 1114112K
  class space    used 9200K, committed 9472K, reserved 1048576K
}
Event: 10.105 GC heap before
{Heap before GC invocations=30 (full 0):
 garbage-first heap   total 121856K, used 96870K [0x0000000080000000, 0x0000000100000000)
  region size 1024K, 31 young (31744K), 1 survivors (1024K)
 Metaspace       used 70547K, committed 71168K, reserved 1114112K
  class space    used 9658K, committed 9984K, reserved 1048576K
}
Event: 10.110 GC heap after
{Heap after GC invocations=31 (full 0):
 garbage-first heap   total 121856K, used 66956K [0x0000000080000000, 0x0000000100000000)
  region size 1024K, 2 young (2048K), 2 survivors (2048K)
 Metaspace       used 70547K, committed 71168K, reserved 1114112K
  class space    used 9658K, committed 9984K, reserved 1048576K
}
Event: 10.137 GC heap before
{Heap before GC invocations=31 (full 0):
 garbage-first heap   total 121856K, used 70028K [0x0000000080000000, 0x0000000100000000)
  region size 1024K, 5 young (5120K), 2 survivors (2048K)
 Metaspace       used 70813K, committed 71424K, reserved 1114112K
  class space    used 9695K, committed 9984K, reserved 1048576K
}
Event: 10.139 GC heap after
{Heap after GC invocations=32 (full 0):
 garbage-first heap   total 121856K, used 66158K [0x0000000080000000, 0x0000000100000000)
  region size 1024K, 1 young (1024K), 1 survivors (1024K)
 Metaspace       used 70813K, committed 71424K, reserved 1114112K
  class space    used 9695K, committed 9984K, reserved 1048576K
}
Event: 10.458 GC heap before
{Heap before GC invocations=32 (full 0):
 garbage-first heap   total 121856K, used 103022K [0x0000000080000000, 0x0000000100000000)
  region size 1024K, 32 young (32768K), 1 survivors (1024K)
 Metaspace       used 73313K, committed 73920K, reserved 1114112K
  class space    used 10006K, committed 10304K, reserved 1048576K
}
Event: 10.460 GC heap after
{Heap after GC invocations=33 (full 0):
 garbage-first heap   total 243712K, used 71230K [0x0000000080000000, 0x0000000100000000)
  region size 1024K, 4 young (4096K), 4 survivors (4096K)
 Metaspace       used 73313K, committed 73920K, reserved 1114112K
  class space    used 10006K, committed 10304K, reserved 1048576K
}
Event: 11.972 GC heap before
{Heap before GC invocations=33 (full 0):
 garbage-first heap   total 243712K, used 182846K [0x0000000080000000, 0x0000000100000000)
  region size 1024K, 114 young (116736K), 4 survivors (4096K)
 Metaspace       used 82050K, committed 82688K, reserved 1179648K
  class space    used 11216K, committed 11520K, reserved 1048576K
}
Event: 11.984 GC heap after
{Heap after GC invocations=34 (full 0):
 garbage-first heap   total 243712K, used 76464K [0x0000000080000000, 0x0000000100000000)
  region size 1024K, 10 young (10240K), 10 survivors (10240K)
 Metaspace       used 82050K, committed 82688K, reserved 1179648K
  class space    used 11216K, committed 11520K, reserved 1048576K
}
Event: 13.566 GC heap before
{Heap before GC invocations=34 (full 0):
 garbage-first heap   total 243712K, used 190128K [0x0000000080000000, 0x0000000100000000)
  region size 1024K, 121 young (123904K), 10 survivors (10240K)
 Metaspace       used 87830K, committed 88512K, reserved 1179648K
  class space    used 12103K, committed 12416K, reserved 1048576K
}
Event: 13.571 GC heap after
{Heap after GC invocations=35 (full 0):
 garbage-first heap   total 243712K, used 82983K [0x0000000080000000, 0x0000000100000000)
  region size 1024K, 12 young (12288K), 12 survivors (12288K)
 Metaspace       used 87830K, committed 88512K, reserved 1179648K
  class space    used 12103K, committed 12416K, reserved 1048576K
}
Event: 15.178 GC heap before
{Heap before GC invocations=35 (full 0):
 garbage-first heap   total 243712K, used 192551K [0x0000000080000000, 0x0000000100000000)
  region size 1024K, 119 young (121856K), 12 survivors (12288K)
 Metaspace       used 95263K, committed 96000K, reserved 1179648K
  class space    used 13276K, committed 13632K, reserved 1048576K
}
Event: 15.183 GC heap after
{Heap after GC invocations=36 (full 0):
 garbage-first heap   total 243712K, used 88867K [0x0000000080000000, 0x0000000100000000)
  region size 1024K, 13 young (13312K), 13 survivors (13312K)
 Metaspace       used 95263K, committed 96000K, reserved 1179648K
  class space    used 13276K, committed 13632K, reserved 1048576K
}
Event: 16.433 GC heap before
{Heap before GC invocations=36 (full 0):
 garbage-first heap   total 243712K, used 196387K [0x0000000080000000, 0x0000000100000000)
  region size 1024K, 118 young (120832K), 13 survivors (13312K)
 Metaspace       used 102827K, committed 103616K, reserved 1179648K
  class space    used 14378K, committed 14784K, reserved 1048576K
}
Event: 16.446 GC heap after
{Heap after GC invocations=37 (full 0):
 garbage-first heap   total 243712K, used 95381K [0x0000000080000000, 0x0000000100000000)
  region size 1024K, 12 young (12288K), 12 survivors (12288K)
 Metaspace       used 102827K, committed 103616K, reserved 1179648K
  class space    used 14378K, committed 14784K, reserved 1048576K
}

